<?xml version="1.0" encoding="UTF-8"?>
<!-- Generated by org.testng.reporters.JUnitXMLReporter -->
<testsuite ignored="3" hostname="DESKTOP-9AR9G70" failures="4" tests="4" name="Testng(failed)" time="0.152" errors="0" timestamp="2022-02-25T11:27:34 IST">
  <testcase classname="com.aspire.TestNg.FailedFiles.FailedFile" name="TCS2" time="0.024">
    <failure type="java.lang.AssertionError" message="null">
      <![CDATA[java.lang.AssertionError: null
at com.aspire.TestNg.FailedFiles.FailedFile.TCS2(FailedFile.java:19)
at java.base/java.util.ArrayList.forEach(ArrayList.java:1511)
... Removed 29 stack frames]]>
    </failure>
  </testcase> <!-- TCS2 -->
  <testcase classname="com.aspire.TestNg.FailedFiles.FailedFile" name="TCS3" time="0.007">
    <failure type="java.lang.AssertionError" message="null">
      <![CDATA[java.lang.AssertionError: null
at com.aspire.TestNg.FailedFiles.FailedFile.TCS3(FailedFile.java:25)
at java.base/java.util.ArrayList.forEach(ArrayList.java:1511)
... Removed 29 stack frames]]>
    </failure>
  </testcase> <!-- TCS3 -->
  <testcase classname="com.aspire.TestNg.FailedFiles.SoftAssertSiDone" name="Hard_assert" time="0.003">
    <failure type="java.lang.AssertionError" message="did not expect [priyanka] but found [priyanka]">
      <![CDATA[java.lang.AssertionError: did not expect [priyanka] but found [priyanka]
at com.aspire.TestNg.FailedFiles.SoftAssertSiDone.Hard_assert(SoftAssertSiDone.java:19)
at java.base/java.util.ArrayList.forEach(ArrayList.java:1511)
... Removed 32 stack frames]]>
    </failure>
  </testcase> <!-- Hard_assert -->
  <testcase classname="com.aspire.TestNg.FailedFiles.SoftAssertSiDone" name="Soft_assert" time="0.015">
    <failure type="java.lang.AssertionError" message="The following asserts failed:
	did not expect [priyanka] but found [priyanka]">
      <![CDATA[java.lang.AssertionError: The following asserts failed:
did not expect [priyanka] but found [priyanka]
at com.aspire.TestNg.FailedFiles.SoftAssertSiDone.Soft_assert(SoftAssertSiDone.java:37)
at java.base/java.util.ArrayList.forEach(ArrayList.java:1511)
... Removed 29 stack frames]]>
    </failure>
  </testcase> <!-- Soft_assert -->
  <testcase classname="com.aspire.TestNg.FailedFiles.FailedFile" name="TCS5" time="0.0">
    <ignored/>
  </testcase> <!-- TCS5 -->
  <testcase classname="com.aspire.TestNg.FailedFiles.FailedFile" name="TCS1" time="0.0">
    <ignored/>
  </testcase> <!-- TCS1 -->
  <testcase classname="com.aspire.TestNg.FailedFiles.FailedFile" name="TCS4" time="0.0">
    <ignored/>
  </testcase> <!-- TCS4 -->
</testsuite> <!-- Testng(failed) -->
